<?xml version="1.0" encoding="UTF-8"?>
<!-- Generated by org.testng.reporters.JUnitXMLReporter -->
<testsuite ignored="0" hostname="Srianshu" failures="0" tests="3" name="Default test" time="11.635" errors="0" timestamp="2024-10-05T18:36:27 IST">
  <testcase classname="practice.selenium.ParallelExec_Without_SuiteXml" name="newTest" time="6.729"/>
  <testcase classname="practice.selenium.ParallelExec_Without_SuiteXml" name="newTest" time="6.982"/>
  <testcase classname="practice.selenium.ParallelExec_Without_SuiteXml" name="newTest" time="4.741"/>
</testsuite> <!-- Default test -->
