<?xml version="1.0" encoding="UTF-8"?>
<!-- Generated by org.testng.reporters.JUnitXMLReporter -->
<testsuite ignored="0" hostname="Srianshu" failures="0" tests="3" name="Test1" time="0.155" errors="0" timestamp="2024-09-19T11:25:19 IST">
  <testcase classname="practice.testng.PracticeTest" name="practice1" time="0.017"/>
  <testcase classname="practice.testng.PracticeTest" name="practice2" time="0.003"/>
  <testcase classname="practice.testng.PracticeTest" name="practice3" time="0.003"/>
</testsuite> <!-- Test1 -->
