<?xml version="1.0" encoding="UTF-8"?>
<!-- Generated by org.testng.reporters.JUnitXMLReporter -->
<testsuite ignored="2" hostname="Srianshu" failures="0" tests="6" name="Test2" time="0.159" errors="0" timestamp="2024-09-19T11:25:19 IST">
  <testcase classname="practice.testng.NewTest" name="new1" time="0.015"/>
  <testcase classname="practice.testng.DevTest" name="dev1" time="0.02"/>
  <testcase classname="practice.testng.NewTest" name="new2" time="0.005"/>
  <testcase classname="practice.testng.DevTest" name="dev2" time="0.006"/>
  <testcase classname="practice.testng.NewTest" name="new3" time="0.003"/>
  <testcase classname="practice.testng.DevTest" name="dev3" time="0.005"/>
  <testcase classname="com.crm.generic.baseutility.BaseClass" name="@BeforeSuite configBS" time="0.0">
    <ignored/>
  </testcase> <!-- @BeforeSuite configBS -->
  <testcase classname="com.crm.generic.baseutility.BaseClass" name="@AfterSuite configAS" time="0.0">
    <ignored/>
  </testcase> <!-- @AfterSuite configAS -->
</testsuite> <!-- Test2 -->
